   0.00000
 253.52803
 307.12218
 322.12249
 328.09453
 330.87231
 332.94688
 320.27377
 105.79871
  -4.20567
 -69.22724
-142.74746
-222.83108
-278.14249
-303.43050
-316.68253
-206.61037
 -60.88493
  19.50064
  76.55211
 149.27354
 209.49318
 259.00429
 289.09568
 249.19211
  61.82862
 -22.39128
 -85.90540
-165.29949
-228.83689
-274.77460
-295.93044
-155.65615
 -33.77891
  37.54625
  99.15364
 187.19751
 237.77457
 272.80363
 293.94615
 142.41669
   6.96701
 -59.18935
-138.98658
-214.49030
-268.61574
-293.70648
-149.13066
 -12.98097
  52.23657
 119.95696
 189.46850
 242.73490
 272.65767
 293.44094
 110.36655
  -0.08241
 -65.16352
-132.32456
-198.15638
-250.07440
-283.21254
-267.17468
 -67.43411
  26.36962
  89.22709
 164.66138
 227.33432
 260.49493
 283.23138
 286.28533
  82.73925
 -22.88474
 -74.33091
-137.61273
-211.61217
-258.72310
-287.96802
-172.02238
 -22.44607
  58.53875
 143.60691
 228.23273
 271.75801
 296.31023
 310.42127
 160.75534
  27.51249
 -36.95421
-111.15453
-182.81188
-245.36677
-278.97825
-298.44158
-309.04296
-170.93092
 -10.93703
  47.17987
 114.02888
 186.69949
 244.19099
 283.02107
 300.32843
 124.46444
   0.21445
 -64.30924
-142.70760
-210.84593
-257.37829
-288.63509
-300.68376
 -98.98060
  -5.32396
  55.31133
 133.43400
 195.53404
 233.87962
 267.61317
 290.00855
 300.50937
 136.49801
  23.87327
 -37.60119
-111.68330
-171.48200
-237.44007
-274.40972
-297.39537
-220.29173
 -71.23864
   5.26899
  59.63946
 113.88654
 180.53673
 234.57640
 271.20502
 292.43677
 300.03692
 116.35329
  13.97258
 -56.84963
-124.60378
-174.36180
-228.43823
-263.96173
-286.54548
-298.64395
-158.14115
 -36.28007
  23.59394
  81.74298
 135.43559
 201.68105
 242.88037
 273.26266
 289.77470
 298.86023
 108.13817
   2.88160
 -52.47937
-121.76500
-181.26317
-234.43897
-269.45484
-290.96205
-278.11030
 -99.90771
  -2.07286
  55.06914
 105.86541
 156.85698
 196.97303
 231.53269
 264.43063
 282.38624
 295.78909
 190.68364
  41.97995
 -31.10404
 -84.93249
-141.93909
-197.05940
-240.19576
-265.43561
-285.35569
-297.39798
-142.87049
 -13.41704
  57.77751
 119.44414
 175.14160
 228.58303
 269.17577
 289.33862
 286.60024
  58.38395
 -38.56103
-105.05359
-166.44357
-214.92836
-254.55805
-279.10617
-293.86929
-238.52425
 -36.41297
  50.28291
 107.27822
 175.37045
 235.72654
 269.68752
 286.26191
 295.82953
  74.85934
 -20.89519
-101.97481
-169.74979
-228.20096
-260.64205
-282.86121
-294.61761
-154.78569
 -18.30848
  56.38261
 122.77495
 185.04191
 245.31996
 277.05978
 294.37813
 117.54756
 -23.57179
-115.91403
-170.38615
-224.23298
-265.11231
-285.32071
-295.56549
 -72.97773
  41.55603
 114.83860
 153.01538