   0.00000
   7.76008
  13.61146
  23.07705
  35.60054
  52.65575
  52.82760
  31.95049
   4.03478
  -9.07268
 -19.90191
 -29.34930
 -39.62786
 -48.88196
 -60.10638
 -51.23437
 -25.91710
  -2.22659
  14.71473
  23.27875
  34.13896
  45.81322
  57.91713
  40.73172
  11.21050
  -5.98024
 -17.07748
 -27.43384
 -41.19207
 -53.10692
 -48.04256
 -18.03225
   2.80552
  17.32058
  31.04229
  46.76123
  59.58810
  69.56517
  70.58737
  44.85222
  11.19436
 -12.59339
 -27.35089
 -38.16771
 -47.20642
 -55.81683
 -64.73087
 -68.24610
 -52.24663
 -25.98890
  -4.22463
  10.59216
  21.93793
  32.11237
  41.49708
  52.42143
  62.68409
  58.49872
  36.32475
  14.72039
  -3.40372
 -19.14606
 -29.09855
 -35.15892
 -43.46254
 -52.57464
 -60.66839
 -58.79893
 -35.56969
  -7.69356
   7.97866
  20.96718
  30.62627
  40.22097
  53.52375
  65.25579
  71.47878
  63.50029
  38.72386
  11.92223
  -4.07418
 -17.98232
 -31.30644
 -39.38469
 -49.52099
 -59.70807
 -66.96538
 -68.88891
 -53.06956
 -24.84351
  -1.76346
  16.39365
  28.24505
  37.38389
  47.89960
  57.98901
  65.22335
  65.47733
  45.30794
  19.20056
  -2.02130
 -16.27505
 -28.32473
 -35.56437
 -43.75029
 -54.12713
 -62.37721
 -66.42500
 -43.50939
 -17.50635
   0.77648
  15.90376
  28.20923
  37.13001
  50.60730
  62.41465
  69.41868
  67.13043
  36.79535
   3.79734
 -11.65230
 -23.74840
 -32.25797
 -38.84584
 -46.49142
 -53.38421
 -60.42523
 -66.44813
 -70.04830
 -60.26100
 -36.34532
 -12.96713
   2.35245
  15.73346
  26.57486
  35.77736
  45.11548
  55.75433
  63.60785
  68.64724
  52.28407
  28.20778
  12.57691
  -0.91675
 -11.71160
 -21.64453
 -30.72264
 -38.01794
 -45.35721
 -52.28770
 -59.63580
 -64.64407
 -68.35759
 -58.93391
 -35.05932
 -13.04417
   3.55288
  17.57994
  29.41388
  37.60724
  47.54121
  56.91834
  64.13938
  68.28643
  53.60223
  24.27594
  -0.19048
 -13.44688
 -26.39365
 -34.80626
 -41.77676
 -48.06490
 -55.56485
 -60.86831
 -65.79776
 -68.44180